[2018-07-31 17:20:18.934] [ INFO] [main] com.advance.MgrServiceApplication Line:48  - Starting MgrServiceApplication on DESKTOP-L9R10OS with PID 13784 (D:\hongcheng\mgr-service\target\classes started by cassmall in D:\hongcheng\mgr-service)
[2018-07-31 17:20:18.942] [ INFO] [main] com.advance.MgrServiceApplication Line:597 - The following profiles are active: test
[2018-07-31 17:20:22.040] [ INFO] [main] com.advance.mgr.config.VisiableThreadPoolTaskExecutor Line:165 - Initializing ExecutorService 
[2018-07-31 17:20:22.047] [ INFO] [main] com.advance.mgr.config.VisiableThreadPoolTaskExecutor Line:165 - Initializing ExecutorService  'mySimpleAsync'
[2018-07-31 17:20:22.049] [ INFO] [main] com.advance.mgr.config.VisiableThreadPoolTaskExecutor Line:165 - Initializing ExecutorService 
[2018-07-31 17:20:22.049] [ INFO] [main] com.advance.mgr.config.VisiableThreadPoolTaskExecutor Line:165 - Initializing ExecutorService  'myAsync'
[2018-07-31 17:20:22.936] [ INFO] [main] com.advance.MgrServiceApplication Line:57  - Started MgrServiceApplication in 4.52 seconds (JVM running for 5.143)
[2018-07-31 17:44:13.538] [ INFO] [main] com.advance.MgrServiceApplication Line:48  - Starting MgrServiceApplication on DESKTOP-L9R10OS with PID 3000 (D:\hongcheng\mgr-service\target\classes started by cassmall in D:\hongcheng\mgr-service)
[2018-07-31 17:44:13.541] [ INFO] [main] com.advance.MgrServiceApplication Line:597 - The following profiles are active: test
[2018-07-31 17:44:16.607] [ INFO] [main] com.advance.mgr.config.VisiableThreadPoolTaskExecutor Line:165 - Initializing ExecutorService 
[2018-07-31 17:44:16.613] [ INFO] [main] com.advance.mgr.config.VisiableThreadPoolTaskExecutor Line:165 - Initializing ExecutorService  'mySimpleAsync'
[2018-07-31 17:44:16.614] [ INFO] [main] com.advance.mgr.config.VisiableThreadPoolTaskExecutor Line:165 - Initializing ExecutorService 
[2018-07-31 17:44:16.615] [ INFO] [main] com.advance.mgr.config.VisiableThreadPoolTaskExecutor Line:165 - Initializing ExecutorService  'myAsync'
[2018-07-31 17:44:17.538] [ INFO] [main] com.advance.MgrServiceApplication Line:57  - Started MgrServiceApplication in 4.596 seconds (JVM running for 5.389)
[2018-07-31 17:46:59.260] [ INFO] [main] com.advance.MgrServiceApplication Line:48  - Starting MgrServiceApplication on DESKTOP-L9R10OS with PID 4060 (D:\hongcheng\mgr-service\target\classes started by cassmall in D:\hongcheng\mgr-service)
[2018-07-31 17:46:59.265] [ INFO] [main] com.advance.MgrServiceApplication Line:597 - The following profiles are active: test
[2018-07-31 17:47:02.366] [ INFO] [main] com.advance.mgr.config.VisiableThreadPoolTaskExecutor Line:165 - Initializing ExecutorService 
[2018-07-31 17:47:02.373] [ INFO] [main] com.advance.mgr.config.VisiableThreadPoolTaskExecutor Line:165 - Initializing ExecutorService  'mySimpleAsync'
[2018-07-31 17:47:02.374] [ INFO] [main] com.advance.mgr.config.VisiableThreadPoolTaskExecutor Line:165 - Initializing ExecutorService 
[2018-07-31 17:47:02.375] [ INFO] [main] com.advance.mgr.config.VisiableThreadPoolTaskExecutor Line:165 - Initializing ExecutorService  'myAsync'
[2018-07-31 17:47:03.255] [ INFO] [main] com.advance.MgrServiceApplication Line:57  - Started MgrServiceApplication in 4.674 seconds (JVM running for 5.44)
[2018-07-31 17:47:40.249] [ INFO] [main] com.advance.MgrServiceApplication Line:48  - Starting MgrServiceApplication on DESKTOP-L9R10OS with PID 15616 (D:\hongcheng\mgr-service\target\classes started by cassmall in D:\hongcheng\mgr-service)
[2018-07-31 17:47:40.251] [ INFO] [main] com.advance.MgrServiceApplication Line:597 - The following profiles are active: test
[2018-07-31 17:47:43.955] [ INFO] [main] com.advance.mgr.config.VisiableThreadPoolTaskExecutor Line:165 - Initializing ExecutorService 
[2018-07-31 17:47:43.963] [ INFO] [main] com.advance.mgr.config.VisiableThreadPoolTaskExecutor Line:165 - Initializing ExecutorService  'mySimpleAsync'
[2018-07-31 17:47:43.965] [ INFO] [main] com.advance.mgr.config.VisiableThreadPoolTaskExecutor Line:165 - Initializing ExecutorService 
[2018-07-31 17:47:43.965] [ INFO] [main] com.advance.mgr.config.VisiableThreadPoolTaskExecutor Line:165 - Initializing ExecutorService  'myAsync'
[2018-07-31 17:47:45.457] [ INFO] [main] com.advance.MgrServiceApplication Line:57  - Started MgrServiceApplication in 5.926 seconds (JVM running for 6.953)
[2018-07-31 17:48:59.343] [ INFO] [main] com.advance.MgrServiceApplication Line:48  - Starting MgrServiceApplication on DESKTOP-L9R10OS with PID 436 (D:\hongcheng\mgr-service\target\classes started by cassmall in D:\hongcheng\mgr-service)
[2018-07-31 17:48:59.346] [ INFO] [main] com.advance.MgrServiceApplication Line:597 - The following profiles are active: test
[2018-07-31 17:49:02.370] [ INFO] [main] com.advance.mgr.config.VisiableThreadPoolTaskExecutor Line:165 - Initializing ExecutorService 
[2018-07-31 17:49:02.377] [ INFO] [main] com.advance.mgr.config.VisiableThreadPoolTaskExecutor Line:165 - Initializing ExecutorService  'mySimpleAsync'
[2018-07-31 17:49:02.378] [ INFO] [main] com.advance.mgr.config.VisiableThreadPoolTaskExecutor Line:165 - Initializing ExecutorService 
[2018-07-31 17:49:02.379] [ INFO] [main] com.advance.mgr.config.VisiableThreadPoolTaskExecutor Line:165 - Initializing ExecutorService  'myAsync'
[2018-07-31 17:49:03.261] [ INFO] [main] com.advance.MgrServiceApplication Line:57  - Started MgrServiceApplication in 4.433 seconds (JVM running for 5.077)
[2018-07-31 17:49:12.173] [ INFO] [http-nio-8083-exec-1] com.advance.mgr.config.VisiableThreadPoolTaskExecutor Line:29  - MySimpleAsync-, 2. do submit,taskCount [0], completedTaskCount [0], activeCount [0], queueSize [0]
[2018-07-31 17:49:12.173] [ INFO] [http-nio-8083-exec-1] com.advance.mgr.config.VisiableThreadPoolTaskExecutor Line:29  - MyExecutor-, 2. do submit,taskCount [0], completedTaskCount [0], activeCount [0], queueSize [0]
[2018-07-31 17:49:12.174] [ INFO] [http-nio-8083-exec-1] com.advance.mgr.config.VisiableThreadPoolTaskExecutor Line:29  - MyExecutor-, 2. do submit,taskCount [1], completedTaskCount [0], activeCount [1], queueSize [0]
[2018-07-31 17:49:12.176] [ INFO] [MySimpleAsync-1] com.advance.mgr.service.AsyncTasks Line:25  - Async, taskOne, Start...
[2018-07-31 17:49:12.176] [ INFO] [MyExecutor-1] com.advance.mgr.service.AsyncTasks Line:35  - Async, taskTwo, Start
[2018-07-31 17:49:12.176] [ INFO] [MyExecutor-2] com.advance.mgr.service.AsyncTasks Line:45  - Async, taskThree, Start
[2018-07-31 17:49:12.980] [ INFO] [MyExecutor-1] com.advance.mgr.service.AsyncTasks Line:39  - Async, taskTwo, End, 第二个耗时: 803毫秒
[2018-07-31 17:49:13.007] [ INFO] [MyExecutor-2] com.advance.mgr.service.AsyncTasks Line:49  - Async, taskThree, End, 第三个耗时: 830毫秒
[2018-07-31 17:49:16.618] [ INFO] [MySimpleAsync-1] com.advance.mgr.service.AsyncTasks Line:29  - Async, taskOne, End, 第一个耗时: 4442毫秒
[2018-07-31 17:49:16.618] [ INFO] [http-nio-8083-exec-1] com.advance.mgr.controller.HelloController Line:51  - 第一个结果：AsyncTaskOne Finished
[2018-07-31 17:49:16.618] [ INFO] [http-nio-8083-exec-1] com.advance.mgr.controller.HelloController Line:52  - 第二个结果：AsyncTaskTwo Finished
[2018-07-31 17:49:16.619] [ INFO] [http-nio-8083-exec-1] com.advance.mgr.controller.HelloController Line:53  - 第三个结果：AsyncTaskThree Finished
[2018-07-31 17:50:55.638] [ INFO] [main] com.advance.MgrServiceApplication Line:48  - Starting MgrServiceApplication on DESKTOP-L9R10OS with PID 7432 (D:\hongcheng\mgr-service\target\classes started by cassmall in D:\hongcheng\mgr-service)
[2018-07-31 17:50:55.640] [ INFO] [main] com.advance.MgrServiceApplication Line:597 - The following profiles are active: test
[2018-07-31 17:50:58.808] [ INFO] [main] com.advance.mgr.config.VisiableThreadPoolTaskExecutor Line:165 - Initializing ExecutorService 
[2018-07-31 17:50:58.813] [ INFO] [main] com.advance.mgr.config.VisiableThreadPoolTaskExecutor Line:165 - Initializing ExecutorService  'mySimpleAsync'
[2018-07-31 17:50:58.815] [ INFO] [main] com.advance.mgr.config.VisiableThreadPoolTaskExecutor Line:165 - Initializing ExecutorService 
[2018-07-31 17:50:58.815] [ INFO] [main] com.advance.mgr.config.VisiableThreadPoolTaskExecutor Line:165 - Initializing ExecutorService  'myAsync'
[2018-07-31 17:50:59.709] [ INFO] [main] com.advance.MgrServiceApplication Line:57  - Started MgrServiceApplication in 4.574 seconds (JVM running for 5.278)
[2018-07-31 17:51:52.005] [ INFO] [main] com.advance.MgrServiceApplication Line:48  - Starting MgrServiceApplication on DESKTOP-L9R10OS with PID 2200 (D:\hongcheng\mgr-service\target\classes started by cassmall in D:\hongcheng\mgr-service)
[2018-07-31 17:51:52.007] [ INFO] [main] com.advance.MgrServiceApplication Line:597 - The following profiles are active: test
[2018-07-31 17:51:55.886] [ INFO] [main] com.advance.mgr.config.VisiableThreadPoolTaskExecutor Line:165 - Initializing ExecutorService 
[2018-07-31 17:51:55.895] [ INFO] [main] com.advance.mgr.config.VisiableThreadPoolTaskExecutor Line:165 - Initializing ExecutorService  'mySimpleAsync'
[2018-07-31 17:51:55.897] [ INFO] [main] com.advance.mgr.config.VisiableThreadPoolTaskExecutor Line:165 - Initializing ExecutorService 
[2018-07-31 17:51:55.898] [ INFO] [main] com.advance.mgr.config.VisiableThreadPoolTaskExecutor Line:165 - Initializing ExecutorService  'myAsync'
[2018-07-31 17:51:57.186] [ INFO] [main] com.advance.MgrServiceApplication Line:57  - Started MgrServiceApplication in 5.761 seconds (JVM running for 6.659)
[2018-07-31 17:52:25.486] [ INFO] [main] com.advance.MgrServiceApplication Line:48  - Starting MgrServiceApplication on DESKTOP-L9R10OS with PID 14204 (D:\hongcheng\mgr-service\target\classes started by cassmall in D:\hongcheng\mgr-service)
[2018-07-31 17:52:25.489] [ INFO] [main] com.advance.MgrServiceApplication Line:597 - The following profiles are active: test
[2018-07-31 17:52:29.160] [ INFO] [main] com.advance.mgr.config.VisiableThreadPoolTaskExecutor Line:165 - Initializing ExecutorService 
[2018-07-31 17:52:29.169] [ INFO] [main] com.advance.mgr.config.VisiableThreadPoolTaskExecutor Line:165 - Initializing ExecutorService  'mySimpleAsync'
[2018-07-31 17:52:29.171] [ INFO] [main] com.advance.mgr.config.VisiableThreadPoolTaskExecutor Line:165 - Initializing ExecutorService 
[2018-07-31 17:52:29.171] [ INFO] [main] com.advance.mgr.config.VisiableThreadPoolTaskExecutor Line:165 - Initializing ExecutorService  'myAsync'
[2018-07-31 17:52:30.449] [ INFO] [main] com.advance.MgrServiceApplication Line:57  - Started MgrServiceApplication in 5.448 seconds (JVM running for 6.695)
[2018-07-31 17:56:59.002] [ INFO] [main] com.advance.MgrServiceApplication Line:48  - Starting MgrServiceApplication on DESKTOP-L9R10OS with PID 11928 (D:\hongcheng\mgr-service\target\classes started by cassmall in D:\hongcheng\mgr-service)
[2018-07-31 17:56:59.004] [ INFO] [main] com.advance.MgrServiceApplication Line:597 - The following profiles are active: test
[2018-07-31 17:57:03.063] [ INFO] [main] com.advance.mgr.config.VisiableThreadPoolTaskExecutor Line:165 - Initializing ExecutorService 
[2018-07-31 17:57:03.072] [ INFO] [main] com.advance.mgr.config.VisiableThreadPoolTaskExecutor Line:165 - Initializing ExecutorService  'mySimpleAsync'
[2018-07-31 17:57:03.075] [ INFO] [main] com.advance.mgr.config.VisiableThreadPoolTaskExecutor Line:165 - Initializing ExecutorService 
[2018-07-31 17:57:03.077] [ INFO] [main] com.advance.mgr.config.VisiableThreadPoolTaskExecutor Line:165 - Initializing ExecutorService  'myAsync'
[2018-07-31 17:57:04.491] [ INFO] [main] com.advance.MgrServiceApplication Line:57  - Started MgrServiceApplication in 6.205 seconds (JVM running for 7.442)
[2018-07-31 17:58:40.443] [ INFO] [main] com.advance.MgrServiceApplication Line:48  - Starting MgrServiceApplication on DESKTOP-L9R10OS with PID 4696 (D:\hongcheng\mgr-service\target\classes started by cassmall in D:\hongcheng\mgr-service)
[2018-07-31 17:58:40.446] [ INFO] [main] com.advance.MgrServiceApplication Line:597 - The following profiles are active: test
[2018-07-31 17:58:44.172] [ INFO] [main] com.advance.mgr.config.VisiableThreadPoolTaskExecutor Line:165 - Initializing ExecutorService 
[2018-07-31 17:58:44.181] [ INFO] [main] com.advance.mgr.config.VisiableThreadPoolTaskExecutor Line:165 - Initializing ExecutorService  'mySimpleAsync'
[2018-07-31 17:58:44.183] [ INFO] [main] com.advance.mgr.config.VisiableThreadPoolTaskExecutor Line:165 - Initializing ExecutorService 
[2018-07-31 17:58:44.184] [ INFO] [main] com.advance.mgr.config.VisiableThreadPoolTaskExecutor Line:165 - Initializing ExecutorService  'myAsync'
[2018-07-31 17:58:45.475] [ INFO] [main] com.advance.MgrServiceApplication Line:57  - Started MgrServiceApplication in 5.752 seconds (JVM running for 6.807)
[2018-07-31 18:00:10.034] [ INFO] [main] com.advance.MgrServiceApplication Line:48  - Starting MgrServiceApplication on DESKTOP-L9R10OS with PID 15712 (D:\hongcheng\mgr-service\target\classes started by cassmall in D:\hongcheng\mgr-service)
[2018-07-31 18:00:10.037] [ INFO] [main] com.advance.MgrServiceApplication Line:597 - The following profiles are active: test
[2018-07-31 18:00:13.734] [ INFO] [main] com.advance.mgr.config.VisiableThreadPoolTaskExecutor Line:165 - Initializing ExecutorService 
[2018-07-31 18:00:13.744] [ INFO] [main] com.advance.mgr.config.VisiableThreadPoolTaskExecutor Line:165 - Initializing ExecutorService  'mySimpleAsync'
[2018-07-31 18:00:13.747] [ INFO] [main] com.advance.mgr.config.VisiableThreadPoolTaskExecutor Line:165 - Initializing ExecutorService 
[2018-07-31 18:00:13.748] [ INFO] [main] com.advance.mgr.config.VisiableThreadPoolTaskExecutor Line:165 - Initializing ExecutorService  'myAsync'
[2018-07-31 18:00:15.148] [ INFO] [main] com.advance.MgrServiceApplication Line:57  - Started MgrServiceApplication in 5.712 seconds (JVM running for 6.712)
[2018-07-31 18:04:33.939] [ INFO] [main] com.advance.MgrServiceApplication Line:48  - Starting MgrServiceApplication on DESKTOP-L9R10OS with PID 3688 (D:\hongcheng\mgr-service\target\classes started by cassmall in D:\hongcheng\mgr-service)
[2018-07-31 18:04:33.942] [ INFO] [main] com.advance.MgrServiceApplication Line:597 - The following profiles are active: test
[2018-07-31 18:04:38.270] [ INFO] [main] com.advance.mgr.config.VisiableThreadPoolTaskExecutor Line:165 - Initializing ExecutorService 
[2018-07-31 18:04:38.281] [ INFO] [main] com.advance.mgr.config.VisiableThreadPoolTaskExecutor Line:165 - Initializing ExecutorService  'mySimpleAsync'
[2018-07-31 18:04:38.284] [ INFO] [main] com.advance.mgr.config.VisiableThreadPoolTaskExecutor Line:165 - Initializing ExecutorService 
[2018-07-31 18:04:38.284] [ INFO] [main] com.advance.mgr.config.VisiableThreadPoolTaskExecutor Line:165 - Initializing ExecutorService  'myAsync'
[2018-07-31 18:04:39.789] [ INFO] [main] com.advance.MgrServiceApplication Line:57  - Started MgrServiceApplication in 6.457 seconds (JVM running for 7.463)
[2018-07-31 18:05:11.450] [ INFO] [main] com.advance.MgrServiceApplication Line:48  - Starting MgrServiceApplication on DESKTOP-L9R10OS with PID 3828 (D:\hongcheng\mgr-service\target\classes started by cassmall in D:\hongcheng\mgr-service)
[2018-07-31 18:05:11.454] [ INFO] [main] com.advance.MgrServiceApplication Line:597 - The following profiles are active: test
[2018-07-31 18:05:15.229] [ INFO] [main] com.advance.mgr.config.VisiableThreadPoolTaskExecutor Line:165 - Initializing ExecutorService 
[2018-07-31 18:05:15.238] [ INFO] [main] com.advance.mgr.config.VisiableThreadPoolTaskExecutor Line:165 - Initializing ExecutorService  'mySimpleAsync'
[2018-07-31 18:05:15.240] [ INFO] [main] com.advance.mgr.config.VisiableThreadPoolTaskExecutor Line:165 - Initializing ExecutorService 
[2018-07-31 18:05:15.240] [ INFO] [main] com.advance.mgr.config.VisiableThreadPoolTaskExecutor Line:165 - Initializing ExecutorService  'myAsync'
[2018-07-31 18:05:16.823] [ INFO] [main] com.advance.MgrServiceApplication Line:57  - Started MgrServiceApplication in 6.146 seconds (JVM running for 7.051)
[2018-07-31 18:36:49.761] [ INFO] [main] com.advance.MgrServiceApplication Line:48  - Starting MgrServiceApplication on DESKTOP-L9R10OS with PID 19248 (D:\hongcheng\mgr-service\target\classes started by cassmall in D:\hongcheng\mgr-service)
[2018-07-31 18:36:49.764] [ INFO] [main] com.advance.MgrServiceApplication Line:597 - The following profiles are active: test
[2018-07-31 18:36:53.698] [ INFO] [main] com.advance.mgr.config.VisiableThreadPoolTaskExecutor Line:165 - Initializing ExecutorService 
[2018-07-31 18:36:53.709] [ INFO] [main] com.advance.mgr.config.VisiableThreadPoolTaskExecutor Line:165 - Initializing ExecutorService  'mySimpleAsync'
[2018-07-31 18:36:53.712] [ INFO] [main] com.advance.mgr.config.VisiableThreadPoolTaskExecutor Line:165 - Initializing ExecutorService 
[2018-07-31 18:36:53.713] [ INFO] [main] com.advance.mgr.config.VisiableThreadPoolTaskExecutor Line:165 - Initializing ExecutorService  'myAsync'
[2018-07-31 18:36:55.111] [ INFO] [main] com.advance.MgrServiceApplication Line:57  - Started MgrServiceApplication in 6.265 seconds (JVM running for 7.199)
[2018-07-31 18:37:54.054] [ INFO] [main] com.advance.MgrServiceApplication Line:48  - Starting MgrServiceApplication on DESKTOP-L9R10OS with PID 11268 (D:\hongcheng\mgr-service\target\classes started by cassmall in D:\hongcheng\mgr-service)
[2018-07-31 18:37:54.057] [ INFO] [main] com.advance.MgrServiceApplication Line:597 - The following profiles are active: test
[2018-07-31 18:37:57.907] [ INFO] [main] com.advance.mgr.config.VisiableThreadPoolTaskExecutor Line:165 - Initializing ExecutorService 
[2018-07-31 18:37:57.916] [ INFO] [main] com.advance.mgr.config.VisiableThreadPoolTaskExecutor Line:165 - Initializing ExecutorService  'mySimpleAsync'
[2018-07-31 18:37:57.919] [ INFO] [main] com.advance.mgr.config.VisiableThreadPoolTaskExecutor Line:165 - Initializing ExecutorService 
[2018-07-31 18:37:57.919] [ INFO] [main] com.advance.mgr.config.VisiableThreadPoolTaskExecutor Line:165 - Initializing ExecutorService  'myAsync'
[2018-07-31 18:37:59.232] [ INFO] [main] com.advance.MgrServiceApplication Line:57  - Started MgrServiceApplication in 5.867 seconds (JVM running for 7.036)
[2018-07-31 18:40:27.996] [ INFO] [main] com.advance.MgrServiceApplication Line:48  - Starting MgrServiceApplication on DESKTOP-L9R10OS with PID 10456 (D:\hongcheng\mgr-service\target\classes started by cassmall in D:\hongcheng\mgr-service)
[2018-07-31 18:40:27.998] [ INFO] [main] com.advance.MgrServiceApplication Line:597 - The following profiles are active: test
[2018-07-31 18:40:31.865] [ INFO] [main] com.advance.mgr.config.VisiableThreadPoolTaskExecutor Line:165 - Initializing ExecutorService 
[2018-07-31 18:40:31.873] [ INFO] [main] com.advance.mgr.config.VisiableThreadPoolTaskExecutor Line:165 - Initializing ExecutorService  'mySimpleAsync'
[2018-07-31 18:40:31.876] [ INFO] [main] com.advance.mgr.config.VisiableThreadPoolTaskExecutor Line:165 - Initializing ExecutorService 
[2018-07-31 18:40:31.877] [ INFO] [main] com.advance.mgr.config.VisiableThreadPoolTaskExecutor Line:165 - Initializing ExecutorService  'myAsync'
[2018-07-31 18:40:33.162] [ INFO] [main] com.advance.MgrServiceApplication Line:57  - Started MgrServiceApplication in 5.695 seconds (JVM running for 6.934)
[2018-07-31 18:41:41.073] [ INFO] [main] com.advance.MgrServiceApplication Line:48  - Starting MgrServiceApplication on DESKTOP-L9R10OS with PID 16504 (D:\hongcheng\mgr-service\target\classes started by cassmall in D:\hongcheng\mgr-service)
[2018-07-31 18:41:41.076] [ INFO] [main] com.advance.MgrServiceApplication Line:597 - The following profiles are active: test
[2018-07-31 18:41:45.205] [ INFO] [main] com.advance.mgr.config.VisiableThreadPoolTaskExecutor Line:165 - Initializing ExecutorService 
[2018-07-31 18:41:45.214] [ INFO] [main] com.advance.mgr.config.VisiableThreadPoolTaskExecutor Line:165 - Initializing ExecutorService  'mySimpleAsync'
[2018-07-31 18:41:45.216] [ INFO] [main] com.advance.mgr.config.VisiableThreadPoolTaskExecutor Line:165 - Initializing ExecutorService 
[2018-07-31 18:41:45.217] [ INFO] [main] com.advance.mgr.config.VisiableThreadPoolTaskExecutor Line:165 - Initializing ExecutorService  'myAsync'
[2018-07-31 18:41:46.501] [ INFO] [main] com.advance.MgrServiceApplication Line:57  - Started MgrServiceApplication in 6.155 seconds (JVM running for 7.149)
[2018-07-31 18:42:19.258] [ INFO] [main] com.advance.MgrServiceApplication Line:48  - Starting MgrServiceApplication on DESKTOP-L9R10OS with PID 10548 (D:\hongcheng\mgr-service\target\classes started by cassmall in D:\hongcheng\mgr-service)
[2018-07-31 18:42:19.261] [ INFO] [main] com.advance.MgrServiceApplication Line:597 - The following profiles are active: test
[2018-07-31 18:42:22.911] [ INFO] [main] com.advance.mgr.config.VisiableThreadPoolTaskExecutor Line:165 - Initializing ExecutorService 
[2018-07-31 18:42:22.920] [ INFO] [main] com.advance.mgr.config.VisiableThreadPoolTaskExecutor Line:165 - Initializing ExecutorService  'mySimpleAsync'
[2018-07-31 18:42:22.922] [ INFO] [main] com.advance.mgr.config.VisiableThreadPoolTaskExecutor Line:165 - Initializing ExecutorService 
[2018-07-31 18:42:22.923] [ INFO] [main] com.advance.mgr.config.VisiableThreadPoolTaskExecutor Line:165 - Initializing ExecutorService  'myAsync'
[2018-07-31 18:42:24.235] [ INFO] [main] com.advance.MgrServiceApplication Line:57  - Started MgrServiceApplication in 5.59 seconds (JVM running for 6.695)
[2018-07-31 18:47:45.542] [ INFO] [main] com.advance.MgrServiceApplication Line:48  - Starting MgrServiceApplication on DESKTOP-L9R10OS with PID 12840 (D:\hongcheng\mgr-service\target\classes started by cassmall in D:\hongcheng\mgr-service)
[2018-07-31 18:47:45.545] [ INFO] [main] com.advance.MgrServiceApplication Line:597 - The following profiles are active: test
[2018-07-31 18:47:49.276] [ INFO] [main] com.advance.mgr.config.VisiableThreadPoolTaskExecutor Line:165 - Initializing ExecutorService 
[2018-07-31 18:47:49.310] [ INFO] [main] com.advance.mgr.config.VisiableThreadPoolTaskExecutor Line:165 - Initializing ExecutorService  'mySimpleAsync'
[2018-07-31 18:47:49.313] [ INFO] [main] com.advance.mgr.config.VisiableThreadPoolTaskExecutor Line:165 - Initializing ExecutorService 
[2018-07-31 18:47:49.313] [ INFO] [main] com.advance.mgr.config.VisiableThreadPoolTaskExecutor Line:165 - Initializing ExecutorService  'myAsync'
[2018-07-31 18:47:50.674] [ INFO] [main] com.advance.MgrServiceApplication Line:57  - Started MgrServiceApplication in 5.78 seconds (JVM running for 7.025)
